[2017-11-15 10:01:03.205] [INFO] resLogger - 
*************** response log start ***************
request method: GET
request originalUrl:  /users/getUser
request client ip:  ::1
request query:  {}
response time: 5
response status: 200
response body: 
{"code":500,"message":"error"}
*************** response log end ***************

[2017-11-15 10:02:33.780] [ERROR] errorLogger - 
*************** error log start ***************
request method: GET
request originalUrl:  /users/getUser
request client ip:  ::1
request query:  {}
response time: 3
error name: ReferenceError
error message: ApiErrorNames is not defined
error stack: ReferenceError: ApiErrorNames is not defined
    at router.use (E:\workspace\node\koaDemo\routes\api\user_router.js:8:20)
    at <anonymous>
*************** error log end ***************

[2017-11-15 10:03:57.143] [INFO] resLogger - 
*************** response log start ***************
request method: GET
request originalUrl:  /users/getUser
request client ip:  ::1
request query:  {}
response time: 5
response status: 200
response body: 
{"code":200,"message":"success","data":{"code":300,"message":"参数缺失"}}
*************** response log end ***************

[2017-11-15 10:05:04.794] [ERROR] errorLogger - 
*************** error log start ***************
request method: GET
request originalUrl:  /users/getUser
request client ip:  ::1
request query:  {}
response time: 6
error name: paramsError
error message: 参数缺失
error stack: paramsError: 参数缺失
    at router.use (E:\workspace\node\koaDemo\routes\api\user_router.js:10:15)
    at <anonymous>
*************** error log end ***************

[2017-11-15 10:05:17.619] [INFO] resLogger - 
*************** response log start ***************
request method: GET
request originalUrl:  /users/getUser?id=5a0a49fcdf7a2e1f202e5053
request client ip:  ::1
request query:  {"id":"5a0a49fcdf7a2e1f202e5053"}
response time: 24
response status: 200
response body: 
{"code":200,"message":"success","data":{"_id":"5a0a49fcdf7a2e1f202e5053","name":"tom","age":22}}
*************** response log end ***************

[2017-11-15 10:06:07.847] [INFO] resLogger - 
*************** response log start ***************
request method: GET
request originalUrl:  /users/getUser
request client ip:  ::1
request query:  {}
response time: 6
response status: 200
response body: 
{"code":200,"message":"success","data":{"code":300,"message":"参数缺失"}}
*************** response log end ***************

[2017-11-15 10:06:36.727] [ERROR] errorLogger - 
*************** error log start ***************
request method: GET
request originalUrl:  /users/getUser
request client ip:  ::1
request query:  {}
response time: 6
error name: paramsError
error message: 参数缺失
error stack: paramsError: 参数缺失
    at router.use (E:\workspace\node\koaDemo\routes\api\user_router.js:10:15)
    at <anonymous>
*************** error log end ***************

