[2017-08-28 17:06:43.712] [ERROR] errorLogger - 
*************** error log start ***************
request method: GET
request originalUrl:  /api/users/getUser
request client ip:  ::ffff:127.0.0.1
request query:  {}
response time: 4
error name: userNotExist
error message: 用户不存在
error stack: userNotExist: 用户不存在
    at exports.getUser (E:\workspace\node\koaDemo\app\controllers\user_controller.js:8:15)
    at dispatch (E:\workspace\node\koaDemo\node_modules\koa-router\node_modules\koa-compose\index.js:44:32)
    at next (E:\workspace\node\koaDemo\node_modules\koa-router\node_modules\koa-compose\index.js:45:18)
    at E:\workspace\node\koaDemo\node_modules\koa-router\lib\router.js:345:16
    at dispatch (E:\workspace\node\koaDemo\node_modules\koa-router\node_modules\koa-compose\index.js:44:32)
    at next (E:\workspace\node\koaDemo\node_modules\koa-router\node_modules\koa-compose\index.js:45:18)
    at allowedMethods (E:\workspace\node\koaDemo\node_modules\koa-router\lib\router.js:406:12)
    at dispatch (E:\workspace\node\koaDemo\node_modules\koa-router\node_modules\koa-compose\index.js:44:32)
    at next (E:\workspace\node\koaDemo\node_modules\koa-router\node_modules\koa-compose\index.js:45:18)
    at E:\workspace\node\koaDemo\node_modules\koa-router\lib\router.js:345:16
    at dispatch (E:\workspace\node\koaDemo\node_modules\koa-router\node_modules\koa-compose\index.js:44:32)
    at E:\workspace\node\koaDemo\node_modules\koa-router\node_modules\koa-compose\index.js:36:12
    at dispatch (E:\workspace\node\koaDemo\node_modules\koa-router\lib\router.js:350:31)
    at dispatch (E:\workspace\node\koaDemo\node_modules\koa-compose\index.js:42:32)
    at next (E:\workspace\node\koaDemo\node_modules\koa-compose\index.js:43:18)
    at E:\workspace\node\koaDemo\middlewares\response_formatter.js:52:19
*************** error log end ***************

[2017-08-28 17:07:02.846] [INFO] resLogger - 
*************** response log start ***************
request method: GET
request originalUrl:  /api/users/getUser?id=1
request client ip:  ::ffff:127.0.0.1
request query:  {"id":"1"}
response time: 1
response status: 200
response body: 
{"code":0,"message":"success","data":{"username":"阿，希爸","age":30}}
*************** response log end ***************

