[2017-08-28 15:57:24.661] [INFO] resLogger - 
*************** response log start ***************
request method: GET
request originalUrl:  /
request client ip:  ::1
request query:  {}
response time: 15
response status: 200
response body: 
"<!DOCTYPE html>\n<html>\n  <head>\n    <title>Hello Koa 2!hahhahahahha</title>\n    <link rel='stylesheet' href='/stylesheets/style.css' />\n  </head>\n  <body>\n    <h1>Hello Koa 2!hahhahahahha</h1>\n    <p>EJS Welcome to Hello Koa 2!hahhahahahha</p>\n  </body>\n</html>\n"
*************** response log end ***************

[2017-08-28 15:57:24.688] [INFO] resLogger - 
*************** response log start ***************
request method: GET
request originalUrl:  /favicon.ico
request client ip:  ::1
request query:  {}
response time: 0
response status: 404
response body: 
undefined
*************** response log end ***************

