[2017-11-15 09:27:21.707] [ERROR] errorLogger - 
*************** error log start ***************
request method: GET
request originalUrl:  /users/getUser
request client ip:  ::1
request query:  {}
response time: 4
error name: paramsError
error message: 参数缺失
error stack: paramsError: 参数缺失
    at exports.getUser (E:\workspace\node\koaDemo\app\controllers\user_controller.js:11:15)
    at dispatch (E:\workspace\node\koaDemo\node_modules\koa-router\node_modules\koa-compose\index.js:44:32)
    at next (E:\workspace\node\koaDemo\node_modules\koa-router\node_modules\koa-compose\index.js:45:18)
    at E:\workspace\node\koaDemo\node_modules\koa-router\lib\router.js:345:16
    at dispatch (E:\workspace\node\koaDemo\node_modules\koa-router\node_modules\koa-compose\index.js:44:32)
    at E:\workspace\node\koaDemo\node_modules\koa-router\node_modules\koa-compose\index.js:36:12
    at dispatch (E:\workspace\node\koaDemo\node_modules\koa-router\lib\router.js:350:31)
    at dispatch (E:\workspace\node\koaDemo\node_modules\koa-compose\index.js:42:32)
    at next (E:\workspace\node\koaDemo\node_modules\koa-compose\index.js:43:18)
    at E:\workspace\node\koaDemo\middlewares\response_formatter.js:27:19
    at dispatch (E:\workspace\node\koaDemo\node_modules\koa-compose\index.js:42:32)
    at next (E:\workspace\node\koaDemo\node_modules\koa-compose\index.js:43:18)
    at app.use (E:\workspace\node\koaDemo\app.js:41:15)
    at dispatch (E:\workspace\node\koaDemo\node_modules\koa-compose\index.js:42:32)
    at next (E:\workspace\node\koaDemo\node_modules\koa-compose\index.js:43:18)
    at views (E:\workspace\node\koaDemo\node_modules\koa-views\lib\index.js:61:12)
    at dispatch (E:\workspace\node\koaDemo\node_modules\koa-compose\index.js:42:32)
    at next (E:\workspace\node\koaDemo\node_modules\koa-compose\index.js:43:18)
    at send.then.done (E:\workspace\node\koaDemo\node_modules\koa-static\index.js:43:20)
    at <anonymous>
*************** error log end ***************

[2017-11-15 09:27:25.039] [ERROR] errorLogger - 
*************** error log start ***************
request method: GET
request originalUrl:  /users/getUser
request client ip:  ::1
request query:  {}
response time: 1
error name: paramsError
error message: 参数缺失
error stack: paramsError: 参数缺失
    at exports.getUser (E:\workspace\node\koaDemo\app\controllers\user_controller.js:11:15)
    at dispatch (E:\workspace\node\koaDemo\node_modules\koa-router\node_modules\koa-compose\index.js:44:32)
    at next (E:\workspace\node\koaDemo\node_modules\koa-router\node_modules\koa-compose\index.js:45:18)
    at E:\workspace\node\koaDemo\node_modules\koa-router\lib\router.js:345:16
    at dispatch (E:\workspace\node\koaDemo\node_modules\koa-router\node_modules\koa-compose\index.js:44:32)
    at E:\workspace\node\koaDemo\node_modules\koa-router\node_modules\koa-compose\index.js:36:12
    at dispatch (E:\workspace\node\koaDemo\node_modules\koa-router\lib\router.js:350:31)
    at dispatch (E:\workspace\node\koaDemo\node_modules\koa-compose\index.js:42:32)
    at next (E:\workspace\node\koaDemo\node_modules\koa-compose\index.js:43:18)
    at E:\workspace\node\koaDemo\middlewares\response_formatter.js:27:19
    at dispatch (E:\workspace\node\koaDemo\node_modules\koa-compose\index.js:42:32)
    at next (E:\workspace\node\koaDemo\node_modules\koa-compose\index.js:43:18)
    at app.use (E:\workspace\node\koaDemo\app.js:41:15)
    at dispatch (E:\workspace\node\koaDemo\node_modules\koa-compose\index.js:42:32)
    at next (E:\workspace\node\koaDemo\node_modules\koa-compose\index.js:43:18)
    at views (E:\workspace\node\koaDemo\node_modules\koa-views\lib\index.js:61:12)
    at dispatch (E:\workspace\node\koaDemo\node_modules\koa-compose\index.js:42:32)
    at next (E:\workspace\node\koaDemo\node_modules\koa-compose\index.js:43:18)
    at send.then.done (E:\workspace\node\koaDemo\node_modules\koa-static\index.js:43:20)
    at <anonymous>
*************** error log end ***************

[2017-11-15 09:27:33.891] [INFO] resLogger - 
*************** response log start ***************
request method: GET
request originalUrl:  /users/getUser?id=5a0a49fcdf7a2e1f202e5053
request client ip:  ::1
request query:  {"id":"5a0a49fcdf7a2e1f202e5053"}
response time: 21
response status: 204
response body: 
{"code":500,"message":"error"}
*************** response log end ***************

[2017-11-15 09:28:35.964] [INFO] resLogger - 
*************** response log start ***************
request method: GET
request originalUrl:  /users/getUser?id=5a0a49fcdf7a2e1f202e5053
request client ip:  ::1
request query:  {"id":"5a0a49fcdf7a2e1f202e5053"}
response time: 22
response status: 204
response body: 
{"code":500,"message":"error"}
*************** response log end ***************

[2017-11-15 09:28:46.952] [INFO] resLogger - 
*************** response log start ***************
request method: GET
request originalUrl:  /users/getUser?id=5a0a49fcdf7a2e1f202e5053
request client ip:  ::1
request query:  {"id":"5a0a49fcdf7a2e1f202e5053"}
response time: 4
response status: 204
response body: 
{"code":500,"message":"error"}
*************** response log end ***************

[2017-11-15 09:28:48.212] [INFO] resLogger - 
*************** response log start ***************
request method: GET
request originalUrl:  /users/getUser?id=5a0a49fcdf7a2e1f202e5053
request client ip:  ::1
request query:  {"id":"5a0a49fcdf7a2e1f202e5053"}
response time: 3
response status: 204
response body: 
{"code":500,"message":"error"}
*************** response log end ***************

[2017-11-15 09:29:09.914] [INFO] resLogger - 
*************** response log start ***************
request method: GET
request originalUrl:  /users/getUser?id=5a0a49fcdf7a2e1f202e5053
request client ip:  ::1
request query:  {"id":"5a0a49fcdf7a2e1f202e5053"}
response time: 28
response status: 204
response body: 
{"code":500,"message":"error"}
*************** response log end ***************

[2017-11-15 09:35:36.149] [INFO] resLogger - 
*************** response log start ***************
request method: GET
request originalUrl:  /users/getUser?id=5a0a49fcdf7a2e1f202e5053
request client ip:  ::1
request query:  {"id":"5a0a49fcdf7a2e1f202e5053"}
response time: 7
response status: 204
response body: 
{"code":500,"message":"error"}
*************** response log end ***************

[2017-11-15 09:36:39.722] [INFO] resLogger - 
*************** response log start ***************
request method: GET
request originalUrl:  /users/getUser?id=5a0a49fcdf7a2e1f202e5053
request client ip:  ::1
request query:  {"id":"5a0a49fcdf7a2e1f202e5053"}
response time: 7
response status: 204
response body: 
{"code":500,"message":"error"}
*************** response log end ***************

[2017-11-15 09:38:01.595] [INFO] resLogger - 
*************** response log start ***************
request method: GET
request originalUrl:  /users/getUser?id=5a0a49fcdf7a2e1f202e5053
request client ip:  ::1
request query:  {"id":"5a0a49fcdf7a2e1f202e5053"}
response time: 25
response status: 204
response body: 
{"code":500,"message":"error"}
*************** response log end ***************

[2017-11-15 09:38:03.023] [INFO] resLogger - 
*************** response log start ***************
request method: GET
request originalUrl:  /users/getUser?id=5a0a49fcdf7a2e1f202e5053
request client ip:  ::1
request query:  {"id":"5a0a49fcdf7a2e1f202e5053"}
response time: 4
response status: 204
response body: 
{"code":500,"message":"error"}
*************** response log end ***************

[2017-11-15 09:38:03.777] [INFO] resLogger - 
*************** response log start ***************
request method: GET
request originalUrl:  /users/getUser?id=5a0a49fcdf7a2e1f202e5053
request client ip:  ::1
request query:  {"id":"5a0a49fcdf7a2e1f202e5053"}
response time: 2
response status: 204
response body: 
{"code":500,"message":"error"}
*************** response log end ***************

[2017-11-15 09:38:04.416] [INFO] resLogger - 
*************** response log start ***************
request method: GET
request originalUrl:  /users/getUser?id=5a0a49fcdf7a2e1f202e5053
request client ip:  ::1
request query:  {"id":"5a0a49fcdf7a2e1f202e5053"}
response time: 2
response status: 204
response body: 
{"code":500,"message":"error"}
*************** response log end ***************

[2017-11-15 09:38:04.745] [INFO] resLogger - 
*************** response log start ***************
request method: GET
request originalUrl:  /users/getUser?id=5a0a49fcdf7a2e1f202e5053
request client ip:  ::1
request query:  {"id":"5a0a49fcdf7a2e1f202e5053"}
response time: 2
response status: 204
response body: 
{"code":500,"message":"error"}
*************** response log end ***************

[2017-11-15 09:38:05.103] [INFO] resLogger - 
*************** response log start ***************
request method: GET
request originalUrl:  /users/getUser?id=5a0a49fcdf7a2e1f202e5053
request client ip:  ::1
request query:  {"id":"5a0a49fcdf7a2e1f202e5053"}
response time: 2
response status: 204
response body: 
{"code":500,"message":"error"}
*************** response log end ***************

[2017-11-15 09:45:14.869] [ERROR] errorLogger - 
*************** error log start ***************
request method: GET
request originalUrl:  /users/getUser
request client ip:  ::1
request query:  {}
response time: 3
error name: paramsError: 参数缺失
error message: 未知错误
error stack: paramsError: 参数缺失: 未知错误
    at exports.getUser (E:\workspace\node\koaDemo\app\controllers\user_controller.js:19:15)
    at dispatch (E:\workspace\node\koaDemo\node_modules\koa-router\node_modules\koa-compose\index.js:44:32)
    at next (E:\workspace\node\koaDemo\node_modules\koa-router\node_modules\koa-compose\index.js:45:18)
    at E:\workspace\node\koaDemo\node_modules\koa-router\lib\router.js:345:16
    at dispatch (E:\workspace\node\koaDemo\node_modules\koa-router\node_modules\koa-compose\index.js:44:32)
    at E:\workspace\node\koaDemo\node_modules\koa-router\node_modules\koa-compose\index.js:36:12
    at dispatch (E:\workspace\node\koaDemo\node_modules\koa-router\lib\router.js:350:31)
    at dispatch (E:\workspace\node\koaDemo\node_modules\koa-compose\index.js:42:32)
    at next (E:\workspace\node\koaDemo\node_modules\koa-compose\index.js:43:18)
    at E:\workspace\node\koaDemo\middlewares\response_formatter.js:27:19
    at dispatch (E:\workspace\node\koaDemo\node_modules\koa-compose\index.js:42:32)
    at next (E:\workspace\node\koaDemo\node_modules\koa-compose\index.js:43:18)
    at app.use (E:\workspace\node\koaDemo\app.js:41:15)
    at dispatch (E:\workspace\node\koaDemo\node_modules\koa-compose\index.js:42:32)
    at next (E:\workspace\node\koaDemo\node_modules\koa-compose\index.js:43:18)
    at views (E:\workspace\node\koaDemo\node_modules\koa-views\lib\index.js:61:12)
    at dispatch (E:\workspace\node\koaDemo\node_modules\koa-compose\index.js:42:32)
    at next (E:\workspace\node\koaDemo\node_modules\koa-compose\index.js:43:18)
    at send.then.done (E:\workspace\node\koaDemo\node_modules\koa-static\index.js:43:20)
    at <anonymous>
*************** error log end ***************

[2017-11-15 09:45:26.121] [ERROR] errorLogger - 
*************** error log start ***************
request method: GET
request originalUrl:  /users/getUser
request client ip:  ::1
request query:  {}
response time: 1
error name: paramsError: 参数缺失
error message: 未知错误
error stack: paramsError: 参数缺失: 未知错误
    at exports.getUser (E:\workspace\node\koaDemo\app\controllers\user_controller.js:19:15)
    at dispatch (E:\workspace\node\koaDemo\node_modules\koa-router\node_modules\koa-compose\index.js:44:32)
    at next (E:\workspace\node\koaDemo\node_modules\koa-router\node_modules\koa-compose\index.js:45:18)
    at E:\workspace\node\koaDemo\node_modules\koa-router\lib\router.js:345:16
    at dispatch (E:\workspace\node\koaDemo\node_modules\koa-router\node_modules\koa-compose\index.js:44:32)
    at E:\workspace\node\koaDemo\node_modules\koa-router\node_modules\koa-compose\index.js:36:12
    at dispatch (E:\workspace\node\koaDemo\node_modules\koa-router\lib\router.js:350:31)
    at dispatch (E:\workspace\node\koaDemo\node_modules\koa-compose\index.js:42:32)
    at next (E:\workspace\node\koaDemo\node_modules\koa-compose\index.js:43:18)
    at E:\workspace\node\koaDemo\middlewares\response_formatter.js:27:19
    at dispatch (E:\workspace\node\koaDemo\node_modules\koa-compose\index.js:42:32)
    at next (E:\workspace\node\koaDemo\node_modules\koa-compose\index.js:43:18)
    at app.use (E:\workspace\node\koaDemo\app.js:41:15)
    at dispatch (E:\workspace\node\koaDemo\node_modules\koa-compose\index.js:42:32)
    at next (E:\workspace\node\koaDemo\node_modules\koa-compose\index.js:43:18)
    at views (E:\workspace\node\koaDemo\node_modules\koa-views\lib\index.js:61:12)
    at dispatch (E:\workspace\node\koaDemo\node_modules\koa-compose\index.js:42:32)
    at next (E:\workspace\node\koaDemo\node_modules\koa-compose\index.js:43:18)
    at send.then.done (E:\workspace\node\koaDemo\node_modules\koa-static\index.js:43:20)
    at <anonymous>
*************** error log end ***************

[2017-11-15 09:45:48.958] [ERROR] errorLogger - 
*************** error log start ***************
request method: GET
request originalUrl:  /users/getUser
request client ip:  ::1
request query:  {}
response time: 3
error name: paramsError: 参数缺失
error message: 未知错误
error stack: paramsError: 参数缺失: 未知错误
    at exports.getUser (E:\workspace\node\koaDemo\app\controllers\user_controller.js:19:15)
    at dispatch (E:\workspace\node\koaDemo\node_modules\koa-router\node_modules\koa-compose\index.js:44:32)
    at next (E:\workspace\node\koaDemo\node_modules\koa-router\node_modules\koa-compose\index.js:45:18)
    at E:\workspace\node\koaDemo\node_modules\koa-router\lib\router.js:345:16
    at dispatch (E:\workspace\node\koaDemo\node_modules\koa-router\node_modules\koa-compose\index.js:44:32)
    at E:\workspace\node\koaDemo\node_modules\koa-router\node_modules\koa-compose\index.js:36:12
    at dispatch (E:\workspace\node\koaDemo\node_modules\koa-router\lib\router.js:350:31)
    at dispatch (E:\workspace\node\koaDemo\node_modules\koa-compose\index.js:42:32)
    at next (E:\workspace\node\koaDemo\node_modules\koa-compose\index.js:43:18)
    at E:\workspace\node\koaDemo\middlewares\response_formatter.js:27:19
    at dispatch (E:\workspace\node\koaDemo\node_modules\koa-compose\index.js:42:32)
    at next (E:\workspace\node\koaDemo\node_modules\koa-compose\index.js:43:18)
    at app.use (E:\workspace\node\koaDemo\app.js:41:15)
    at dispatch (E:\workspace\node\koaDemo\node_modules\koa-compose\index.js:42:32)
    at next (E:\workspace\node\koaDemo\node_modules\koa-compose\index.js:43:18)
    at views (E:\workspace\node\koaDemo\node_modules\koa-views\lib\index.js:61:12)
    at dispatch (E:\workspace\node\koaDemo\node_modules\koa-compose\index.js:42:32)
    at next (E:\workspace\node\koaDemo\node_modules\koa-compose\index.js:43:18)
    at send.then.done (E:\workspace\node\koaDemo\node_modules\koa-static\index.js:43:20)
    at <anonymous>
*************** error log end ***************

[2017-11-15 09:45:51.780] [ERROR] errorLogger - 
*************** error log start ***************
request method: GET
request originalUrl:  /users/getUser
request client ip:  ::1
request query:  {}
response time: 1
error name: paramsError: 参数缺失
error message: 未知错误
error stack: paramsError: 参数缺失: 未知错误
    at exports.getUser (E:\workspace\node\koaDemo\app\controllers\user_controller.js:19:15)
    at dispatch (E:\workspace\node\koaDemo\node_modules\koa-router\node_modules\koa-compose\index.js:44:32)
    at next (E:\workspace\node\koaDemo\node_modules\koa-router\node_modules\koa-compose\index.js:45:18)
    at E:\workspace\node\koaDemo\node_modules\koa-router\lib\router.js:345:16
    at dispatch (E:\workspace\node\koaDemo\node_modules\koa-router\node_modules\koa-compose\index.js:44:32)
    at E:\workspace\node\koaDemo\node_modules\koa-router\node_modules\koa-compose\index.js:36:12
    at dispatch (E:\workspace\node\koaDemo\node_modules\koa-router\lib\router.js:350:31)
    at dispatch (E:\workspace\node\koaDemo\node_modules\koa-compose\index.js:42:32)
    at next (E:\workspace\node\koaDemo\node_modules\koa-compose\index.js:43:18)
    at E:\workspace\node\koaDemo\middlewares\response_formatter.js:27:19
    at dispatch (E:\workspace\node\koaDemo\node_modules\koa-compose\index.js:42:32)
    at next (E:\workspace\node\koaDemo\node_modules\koa-compose\index.js:43:18)
    at app.use (E:\workspace\node\koaDemo\app.js:41:15)
    at dispatch (E:\workspace\node\koaDemo\node_modules\koa-compose\index.js:42:32)
    at next (E:\workspace\node\koaDemo\node_modules\koa-compose\index.js:43:18)
    at views (E:\workspace\node\koaDemo\node_modules\koa-views\lib\index.js:61:12)
    at dispatch (E:\workspace\node\koaDemo\node_modules\koa-compose\index.js:42:32)
    at next (E:\workspace\node\koaDemo\node_modules\koa-compose\index.js:43:18)
    at send.then.done (E:\workspace\node\koaDemo\node_modules\koa-static\index.js:43:20)
    at <anonymous>
*************** error log end ***************

[2017-11-15 09:45:52.963] [ERROR] errorLogger - 
*************** error log start ***************
request method: GET
request originalUrl:  /users/getUser
request client ip:  ::1
request query:  {}
response time: 0
error name: paramsError: 参数缺失
error message: 未知错误
error stack: paramsError: 参数缺失: 未知错误
    at exports.getUser (E:\workspace\node\koaDemo\app\controllers\user_controller.js:19:15)
    at dispatch (E:\workspace\node\koaDemo\node_modules\koa-router\node_modules\koa-compose\index.js:44:32)
    at next (E:\workspace\node\koaDemo\node_modules\koa-router\node_modules\koa-compose\index.js:45:18)
    at E:\workspace\node\koaDemo\node_modules\koa-router\lib\router.js:345:16
    at dispatch (E:\workspace\node\koaDemo\node_modules\koa-router\node_modules\koa-compose\index.js:44:32)
    at E:\workspace\node\koaDemo\node_modules\koa-router\node_modules\koa-compose\index.js:36:12
    at dispatch (E:\workspace\node\koaDemo\node_modules\koa-router\lib\router.js:350:31)
    at dispatch (E:\workspace\node\koaDemo\node_modules\koa-compose\index.js:42:32)
    at next (E:\workspace\node\koaDemo\node_modules\koa-compose\index.js:43:18)
    at E:\workspace\node\koaDemo\middlewares\response_formatter.js:27:19
    at dispatch (E:\workspace\node\koaDemo\node_modules\koa-compose\index.js:42:32)
    at next (E:\workspace\node\koaDemo\node_modules\koa-compose\index.js:43:18)
    at app.use (E:\workspace\node\koaDemo\app.js:41:15)
    at dispatch (E:\workspace\node\koaDemo\node_modules\koa-compose\index.js:42:32)
    at next (E:\workspace\node\koaDemo\node_modules\koa-compose\index.js:43:18)
    at views (E:\workspace\node\koaDemo\node_modules\koa-views\lib\index.js:61:12)
    at dispatch (E:\workspace\node\koaDemo\node_modules\koa-compose\index.js:42:32)
    at next (E:\workspace\node\koaDemo\node_modules\koa-compose\index.js:43:18)
    at send.then.done (E:\workspace\node\koaDemo\node_modules\koa-static\index.js:43:20)
    at <anonymous>
*************** error log end ***************

[2017-11-15 09:45:53.926] [ERROR] errorLogger - 
*************** error log start ***************
request method: GET
request originalUrl:  /users/getUser
request client ip:  ::1
request query:  {}
response time: 1
error name: paramsError: 参数缺失
error message: 未知错误
error stack: paramsError: 参数缺失: 未知错误
    at exports.getUser (E:\workspace\node\koaDemo\app\controllers\user_controller.js:19:15)
    at dispatch (E:\workspace\node\koaDemo\node_modules\koa-router\node_modules\koa-compose\index.js:44:32)
    at next (E:\workspace\node\koaDemo\node_modules\koa-router\node_modules\koa-compose\index.js:45:18)
    at E:\workspace\node\koaDemo\node_modules\koa-router\lib\router.js:345:16
    at dispatch (E:\workspace\node\koaDemo\node_modules\koa-router\node_modules\koa-compose\index.js:44:32)
    at E:\workspace\node\koaDemo\node_modules\koa-router\node_modules\koa-compose\index.js:36:12
    at dispatch (E:\workspace\node\koaDemo\node_modules\koa-router\lib\router.js:350:31)
    at dispatch (E:\workspace\node\koaDemo\node_modules\koa-compose\index.js:42:32)
    at next (E:\workspace\node\koaDemo\node_modules\koa-compose\index.js:43:18)
    at E:\workspace\node\koaDemo\middlewares\response_formatter.js:27:19
    at dispatch (E:\workspace\node\koaDemo\node_modules\koa-compose\index.js:42:32)
    at next (E:\workspace\node\koaDemo\node_modules\koa-compose\index.js:43:18)
    at app.use (E:\workspace\node\koaDemo\app.js:41:15)
    at dispatch (E:\workspace\node\koaDemo\node_modules\koa-compose\index.js:42:32)
    at next (E:\workspace\node\koaDemo\node_modules\koa-compose\index.js:43:18)
    at views (E:\workspace\node\koaDemo\node_modules\koa-views\lib\index.js:61:12)
    at dispatch (E:\workspace\node\koaDemo\node_modules\koa-compose\index.js:42:32)
    at next (E:\workspace\node\koaDemo\node_modules\koa-compose\index.js:43:18)
    at send.then.done (E:\workspace\node\koaDemo\node_modules\koa-static\index.js:43:20)
    at <anonymous>
*************** error log end ***************

[2017-11-15 09:45:54.528] [ERROR] errorLogger - 
*************** error log start ***************
request method: GET
request originalUrl:  /users/getUser
request client ip:  ::1
request query:  {}
response time: 0
error name: paramsError: 参数缺失
error message: 未知错误
error stack: paramsError: 参数缺失: 未知错误
    at exports.getUser (E:\workspace\node\koaDemo\app\controllers\user_controller.js:19:15)
    at dispatch (E:\workspace\node\koaDemo\node_modules\koa-router\node_modules\koa-compose\index.js:44:32)
    at next (E:\workspace\node\koaDemo\node_modules\koa-router\node_modules\koa-compose\index.js:45:18)
    at E:\workspace\node\koaDemo\node_modules\koa-router\lib\router.js:345:16
    at dispatch (E:\workspace\node\koaDemo\node_modules\koa-router\node_modules\koa-compose\index.js:44:32)
    at E:\workspace\node\koaDemo\node_modules\koa-router\node_modules\koa-compose\index.js:36:12
    at dispatch (E:\workspace\node\koaDemo\node_modules\koa-router\lib\router.js:350:31)
    at dispatch (E:\workspace\node\koaDemo\node_modules\koa-compose\index.js:42:32)
    at next (E:\workspace\node\koaDemo\node_modules\koa-compose\index.js:43:18)
    at E:\workspace\node\koaDemo\middlewares\response_formatter.js:27:19
    at dispatch (E:\workspace\node\koaDemo\node_modules\koa-compose\index.js:42:32)
    at next (E:\workspace\node\koaDemo\node_modules\koa-compose\index.js:43:18)
    at app.use (E:\workspace\node\koaDemo\app.js:41:15)
    at dispatch (E:\workspace\node\koaDemo\node_modules\koa-compose\index.js:42:32)
    at next (E:\workspace\node\koaDemo\node_modules\koa-compose\index.js:43:18)
    at views (E:\workspace\node\koaDemo\node_modules\koa-views\lib\index.js:61:12)
    at dispatch (E:\workspace\node\koaDemo\node_modules\koa-compose\index.js:42:32)
    at next (E:\workspace\node\koaDemo\node_modules\koa-compose\index.js:43:18)
    at send.then.done (E:\workspace\node\koaDemo\node_modules\koa-static\index.js:43:20)
    at <anonymous>
*************** error log end ***************

[2017-11-15 09:45:54.981] [ERROR] errorLogger - 
*************** error log start ***************
request method: GET
request originalUrl:  /users/getUser
request client ip:  ::1
request query:  {}
response time: 0
error name: paramsError: 参数缺失
error message: 未知错误
error stack: paramsError: 参数缺失: 未知错误
    at exports.getUser (E:\workspace\node\koaDemo\app\controllers\user_controller.js:19:15)
    at dispatch (E:\workspace\node\koaDemo\node_modules\koa-router\node_modules\koa-compose\index.js:44:32)
    at next (E:\workspace\node\koaDemo\node_modules\koa-router\node_modules\koa-compose\index.js:45:18)
    at E:\workspace\node\koaDemo\node_modules\koa-router\lib\router.js:345:16
    at dispatch (E:\workspace\node\koaDemo\node_modules\koa-router\node_modules\koa-compose\index.js:44:32)
    at E:\workspace\node\koaDemo\node_modules\koa-router\node_modules\koa-compose\index.js:36:12
    at dispatch (E:\workspace\node\koaDemo\node_modules\koa-router\lib\router.js:350:31)
    at dispatch (E:\workspace\node\koaDemo\node_modules\koa-compose\index.js:42:32)
    at next (E:\workspace\node\koaDemo\node_modules\koa-compose\index.js:43:18)
    at E:\workspace\node\koaDemo\middlewares\response_formatter.js:27:19
    at dispatch (E:\workspace\node\koaDemo\node_modules\koa-compose\index.js:42:32)
    at next (E:\workspace\node\koaDemo\node_modules\koa-compose\index.js:43:18)
    at app.use (E:\workspace\node\koaDemo\app.js:41:15)
    at dispatch (E:\workspace\node\koaDemo\node_modules\koa-compose\index.js:42:32)
    at next (E:\workspace\node\koaDemo\node_modules\koa-compose\index.js:43:18)
    at views (E:\workspace\node\koaDemo\node_modules\koa-views\lib\index.js:61:12)
    at dispatch (E:\workspace\node\koaDemo\node_modules\koa-compose\index.js:42:32)
    at next (E:\workspace\node\koaDemo\node_modules\koa-compose\index.js:43:18)
    at send.then.done (E:\workspace\node\koaDemo\node_modules\koa-static\index.js:43:20)
    at <anonymous>
*************** error log end ***************

[2017-11-15 09:45:55.361] [ERROR] errorLogger - 
*************** error log start ***************
request method: GET
request originalUrl:  /users/getUser
request client ip:  ::1
request query:  {}
response time: 0
error name: paramsError: 参数缺失
error message: 未知错误
error stack: paramsError: 参数缺失: 未知错误
    at exports.getUser (E:\workspace\node\koaDemo\app\controllers\user_controller.js:19:15)
    at dispatch (E:\workspace\node\koaDemo\node_modules\koa-router\node_modules\koa-compose\index.js:44:32)
    at next (E:\workspace\node\koaDemo\node_modules\koa-router\node_modules\koa-compose\index.js:45:18)
    at E:\workspace\node\koaDemo\node_modules\koa-router\lib\router.js:345:16
    at dispatch (E:\workspace\node\koaDemo\node_modules\koa-router\node_modules\koa-compose\index.js:44:32)
    at E:\workspace\node\koaDemo\node_modules\koa-router\node_modules\koa-compose\index.js:36:12
    at dispatch (E:\workspace\node\koaDemo\node_modules\koa-router\lib\router.js:350:31)
    at dispatch (E:\workspace\node\koaDemo\node_modules\koa-compose\index.js:42:32)
    at next (E:\workspace\node\koaDemo\node_modules\koa-compose\index.js:43:18)
    at E:\workspace\node\koaDemo\middlewares\response_formatter.js:27:19
    at dispatch (E:\workspace\node\koaDemo\node_modules\koa-compose\index.js:42:32)
    at next (E:\workspace\node\koaDemo\node_modules\koa-compose\index.js:43:18)
    at app.use (E:\workspace\node\koaDemo\app.js:41:15)
    at dispatch (E:\workspace\node\koaDemo\node_modules\koa-compose\index.js:42:32)
    at next (E:\workspace\node\koaDemo\node_modules\koa-compose\index.js:43:18)
    at views (E:\workspace\node\koaDemo\node_modules\koa-views\lib\index.js:61:12)
    at dispatch (E:\workspace\node\koaDemo\node_modules\koa-compose\index.js:42:32)
    at next (E:\workspace\node\koaDemo\node_modules\koa-compose\index.js:43:18)
    at send.then.done (E:\workspace\node\koaDemo\node_modules\koa-static\index.js:43:20)
    at <anonymous>
*************** error log end ***************

[2017-11-15 09:45:55.753] [ERROR] errorLogger - 
*************** error log start ***************
request method: GET
request originalUrl:  /users/getUser
request client ip:  ::1
request query:  {}
response time: 0
error name: paramsError: 参数缺失
error message: 未知错误
error stack: paramsError: 参数缺失: 未知错误
    at exports.getUser (E:\workspace\node\koaDemo\app\controllers\user_controller.js:19:15)
    at dispatch (E:\workspace\node\koaDemo\node_modules\koa-router\node_modules\koa-compose\index.js:44:32)
    at next (E:\workspace\node\koaDemo\node_modules\koa-router\node_modules\koa-compose\index.js:45:18)
    at E:\workspace\node\koaDemo\node_modules\koa-router\lib\router.js:345:16
    at dispatch (E:\workspace\node\koaDemo\node_modules\koa-router\node_modules\koa-compose\index.js:44:32)
    at E:\workspace\node\koaDemo\node_modules\koa-router\node_modules\koa-compose\index.js:36:12
    at dispatch (E:\workspace\node\koaDemo\node_modules\koa-router\lib\router.js:350:31)
    at dispatch (E:\workspace\node\koaDemo\node_modules\koa-compose\index.js:42:32)
    at next (E:\workspace\node\koaDemo\node_modules\koa-compose\index.js:43:18)
    at E:\workspace\node\koaDemo\middlewares\response_formatter.js:27:19
    at dispatch (E:\workspace\node\koaDemo\node_modules\koa-compose\index.js:42:32)
    at next (E:\workspace\node\koaDemo\node_modules\koa-compose\index.js:43:18)
    at app.use (E:\workspace\node\koaDemo\app.js:41:15)
    at dispatch (E:\workspace\node\koaDemo\node_modules\koa-compose\index.js:42:32)
    at next (E:\workspace\node\koaDemo\node_modules\koa-compose\index.js:43:18)
    at views (E:\workspace\node\koaDemo\node_modules\koa-views\lib\index.js:61:12)
    at dispatch (E:\workspace\node\koaDemo\node_modules\koa-compose\index.js:42:32)
    at next (E:\workspace\node\koaDemo\node_modules\koa-compose\index.js:43:18)
    at send.then.done (E:\workspace\node\koaDemo\node_modules\koa-static\index.js:43:20)
    at <anonymous>
*************** error log end ***************

[2017-11-15 09:45:56.078] [ERROR] errorLogger - 
*************** error log start ***************
request method: GET
request originalUrl:  /users/getUser
request client ip:  ::1
request query:  {}
response time: 0
error name: paramsError: 参数缺失
error message: 未知错误
error stack: paramsError: 参数缺失: 未知错误
    at exports.getUser (E:\workspace\node\koaDemo\app\controllers\user_controller.js:19:15)
    at dispatch (E:\workspace\node\koaDemo\node_modules\koa-router\node_modules\koa-compose\index.js:44:32)
    at next (E:\workspace\node\koaDemo\node_modules\koa-router\node_modules\koa-compose\index.js:45:18)
    at E:\workspace\node\koaDemo\node_modules\koa-router\lib\router.js:345:16
    at dispatch (E:\workspace\node\koaDemo\node_modules\koa-router\node_modules\koa-compose\index.js:44:32)
    at E:\workspace\node\koaDemo\node_modules\koa-router\node_modules\koa-compose\index.js:36:12
    at dispatch (E:\workspace\node\koaDemo\node_modules\koa-router\lib\router.js:350:31)
    at dispatch (E:\workspace\node\koaDemo\node_modules\koa-compose\index.js:42:32)
    at next (E:\workspace\node\koaDemo\node_modules\koa-compose\index.js:43:18)
    at E:\workspace\node\koaDemo\middlewares\response_formatter.js:27:19
    at dispatch (E:\workspace\node\koaDemo\node_modules\koa-compose\index.js:42:32)
    at next (E:\workspace\node\koaDemo\node_modules\koa-compose\index.js:43:18)
    at app.use (E:\workspace\node\koaDemo\app.js:41:15)
    at dispatch (E:\workspace\node\koaDemo\node_modules\koa-compose\index.js:42:32)
    at next (E:\workspace\node\koaDemo\node_modules\koa-compose\index.js:43:18)
    at views (E:\workspace\node\koaDemo\node_modules\koa-views\lib\index.js:61:12)
    at dispatch (E:\workspace\node\koaDemo\node_modules\koa-compose\index.js:42:32)
    at next (E:\workspace\node\koaDemo\node_modules\koa-compose\index.js:43:18)
    at send.then.done (E:\workspace\node\koaDemo\node_modules\koa-static\index.js:43:20)
    at <anonymous>
*************** error log end ***************

[2017-11-15 09:45:56.419] [ERROR] errorLogger - 
*************** error log start ***************
request method: GET
request originalUrl:  /users/getUser
request client ip:  ::1
request query:  {}
response time: 0
error name: paramsError: 参数缺失
error message: 未知错误
error stack: paramsError: 参数缺失: 未知错误
    at exports.getUser (E:\workspace\node\koaDemo\app\controllers\user_controller.js:19:15)
    at dispatch (E:\workspace\node\koaDemo\node_modules\koa-router\node_modules\koa-compose\index.js:44:32)
    at next (E:\workspace\node\koaDemo\node_modules\koa-router\node_modules\koa-compose\index.js:45:18)
    at E:\workspace\node\koaDemo\node_modules\koa-router\lib\router.js:345:16
    at dispatch (E:\workspace\node\koaDemo\node_modules\koa-router\node_modules\koa-compose\index.js:44:32)
    at E:\workspace\node\koaDemo\node_modules\koa-router\node_modules\koa-compose\index.js:36:12
    at dispatch (E:\workspace\node\koaDemo\node_modules\koa-router\lib\router.js:350:31)
    at dispatch (E:\workspace\node\koaDemo\node_modules\koa-compose\index.js:42:32)
    at next (E:\workspace\node\koaDemo\node_modules\koa-compose\index.js:43:18)
    at E:\workspace\node\koaDemo\middlewares\response_formatter.js:27:19
    at dispatch (E:\workspace\node\koaDemo\node_modules\koa-compose\index.js:42:32)
    at next (E:\workspace\node\koaDemo\node_modules\koa-compose\index.js:43:18)
    at app.use (E:\workspace\node\koaDemo\app.js:41:15)
    at dispatch (E:\workspace\node\koaDemo\node_modules\koa-compose\index.js:42:32)
    at next (E:\workspace\node\koaDemo\node_modules\koa-compose\index.js:43:18)
    at views (E:\workspace\node\koaDemo\node_modules\koa-views\lib\index.js:61:12)
    at dispatch (E:\workspace\node\koaDemo\node_modules\koa-compose\index.js:42:32)
    at next (E:\workspace\node\koaDemo\node_modules\koa-compose\index.js:43:18)
    at send.then.done (E:\workspace\node\koaDemo\node_modules\koa-static\index.js:43:20)
    at <anonymous>
*************** error log end ***************

[2017-11-15 09:45:56.708] [ERROR] errorLogger - 
*************** error log start ***************
request method: GET
request originalUrl:  /users/getUser
request client ip:  ::1
request query:  {}
response time: 1
error name: paramsError: 参数缺失
error message: 未知错误
error stack: paramsError: 参数缺失: 未知错误
    at exports.getUser (E:\workspace\node\koaDemo\app\controllers\user_controller.js:19:15)
    at dispatch (E:\workspace\node\koaDemo\node_modules\koa-router\node_modules\koa-compose\index.js:44:32)
    at next (E:\workspace\node\koaDemo\node_modules\koa-router\node_modules\koa-compose\index.js:45:18)
    at E:\workspace\node\koaDemo\node_modules\koa-router\lib\router.js:345:16
    at dispatch (E:\workspace\node\koaDemo\node_modules\koa-router\node_modules\koa-compose\index.js:44:32)
    at E:\workspace\node\koaDemo\node_modules\koa-router\node_modules\koa-compose\index.js:36:12
    at dispatch (E:\workspace\node\koaDemo\node_modules\koa-router\lib\router.js:350:31)
    at dispatch (E:\workspace\node\koaDemo\node_modules\koa-compose\index.js:42:32)
    at next (E:\workspace\node\koaDemo\node_modules\koa-compose\index.js:43:18)
    at E:\workspace\node\koaDemo\middlewares\response_formatter.js:27:19
    at dispatch (E:\workspace\node\koaDemo\node_modules\koa-compose\index.js:42:32)
    at next (E:\workspace\node\koaDemo\node_modules\koa-compose\index.js:43:18)
    at app.use (E:\workspace\node\koaDemo\app.js:41:15)
    at dispatch (E:\workspace\node\koaDemo\node_modules\koa-compose\index.js:42:32)
    at next (E:\workspace\node\koaDemo\node_modules\koa-compose\index.js:43:18)
    at views (E:\workspace\node\koaDemo\node_modules\koa-views\lib\index.js:61:12)
    at dispatch (E:\workspace\node\koaDemo\node_modules\koa-compose\index.js:42:32)
    at next (E:\workspace\node\koaDemo\node_modules\koa-compose\index.js:43:18)
    at send.then.done (E:\workspace\node\koaDemo\node_modules\koa-static\index.js:43:20)
    at <anonymous>
*************** error log end ***************

[2017-11-15 09:46:18.385] [ERROR] errorLogger - 
*************** error log start ***************
request method: GET
request originalUrl:  /users/getUser
request client ip:  ::1
request query:  {}
response time: 4
error name: paramsError: 参数缺失
error message: 未知错误
error stack: paramsError: 参数缺失: 未知错误
    at exports.getUser (E:\workspace\node\koaDemo\app\controllers\user_controller.js:19:15)
    at dispatch (E:\workspace\node\koaDemo\node_modules\koa-router\node_modules\koa-compose\index.js:44:32)
    at next (E:\workspace\node\koaDemo\node_modules\koa-router\node_modules\koa-compose\index.js:45:18)
    at E:\workspace\node\koaDemo\node_modules\koa-router\lib\router.js:345:16
    at dispatch (E:\workspace\node\koaDemo\node_modules\koa-router\node_modules\koa-compose\index.js:44:32)
    at E:\workspace\node\koaDemo\node_modules\koa-router\node_modules\koa-compose\index.js:36:12
    at dispatch (E:\workspace\node\koaDemo\node_modules\koa-router\lib\router.js:350:31)
    at dispatch (E:\workspace\node\koaDemo\node_modules\koa-compose\index.js:42:32)
    at next (E:\workspace\node\koaDemo\node_modules\koa-compose\index.js:43:18)
    at E:\workspace\node\koaDemo\middlewares\response_formatter.js:27:19
    at dispatch (E:\workspace\node\koaDemo\node_modules\koa-compose\index.js:42:32)
    at next (E:\workspace\node\koaDemo\node_modules\koa-compose\index.js:43:18)
    at app.use (E:\workspace\node\koaDemo\app.js:41:15)
    at dispatch (E:\workspace\node\koaDemo\node_modules\koa-compose\index.js:42:32)
    at next (E:\workspace\node\koaDemo\node_modules\koa-compose\index.js:43:18)
    at views (E:\workspace\node\koaDemo\node_modules\koa-views\lib\index.js:61:12)
    at dispatch (E:\workspace\node\koaDemo\node_modules\koa-compose\index.js:42:32)
    at next (E:\workspace\node\koaDemo\node_modules\koa-compose\index.js:43:18)
    at send.then.done (E:\workspace\node\koaDemo\node_modules\koa-static\index.js:43:20)
    at <anonymous>
*************** error log end ***************

[2017-11-15 09:46:21.775] [ERROR] errorLogger - 
*************** error log start ***************
request method: GET
request originalUrl:  /users/getUser
request client ip:  ::1
request query:  {}
response time: 1
error name: paramsError: 参数缺失
error message: 未知错误
error stack: paramsError: 参数缺失: 未知错误
    at exports.getUser (E:\workspace\node\koaDemo\app\controllers\user_controller.js:19:15)
    at dispatch (E:\workspace\node\koaDemo\node_modules\koa-router\node_modules\koa-compose\index.js:44:32)
    at next (E:\workspace\node\koaDemo\node_modules\koa-router\node_modules\koa-compose\index.js:45:18)
    at E:\workspace\node\koaDemo\node_modules\koa-router\lib\router.js:345:16
    at dispatch (E:\workspace\node\koaDemo\node_modules\koa-router\node_modules\koa-compose\index.js:44:32)
    at E:\workspace\node\koaDemo\node_modules\koa-router\node_modules\koa-compose\index.js:36:12
    at dispatch (E:\workspace\node\koaDemo\node_modules\koa-router\lib\router.js:350:31)
    at dispatch (E:\workspace\node\koaDemo\node_modules\koa-compose\index.js:42:32)
    at next (E:\workspace\node\koaDemo\node_modules\koa-compose\index.js:43:18)
    at E:\workspace\node\koaDemo\middlewares\response_formatter.js:27:19
    at dispatch (E:\workspace\node\koaDemo\node_modules\koa-compose\index.js:42:32)
    at next (E:\workspace\node\koaDemo\node_modules\koa-compose\index.js:43:18)
    at app.use (E:\workspace\node\koaDemo\app.js:41:15)
    at dispatch (E:\workspace\node\koaDemo\node_modules\koa-compose\index.js:42:32)
    at next (E:\workspace\node\koaDemo\node_modules\koa-compose\index.js:43:18)
    at views (E:\workspace\node\koaDemo\node_modules\koa-views\lib\index.js:61:12)
    at dispatch (E:\workspace\node\koaDemo\node_modules\koa-compose\index.js:42:32)
    at next (E:\workspace\node\koaDemo\node_modules\koa-compose\index.js:43:18)
    at send.then.done (E:\workspace\node\koaDemo\node_modules\koa-static\index.js:43:20)
    at <anonymous>
*************** error log end ***************

[2017-11-15 09:46:56.408] [ERROR] errorLogger - 
*************** error log start ***************
request method: GET
request originalUrl:  /users/getUser
request client ip:  ::1
request query:  {}
response time: 7
error name: paramsError: 参数缺失
error message: 未知错误
error stack: paramsError: 参数缺失: 未知错误
    at exports.getUser (E:\workspace\node\koaDemo\app\controllers\user_controller.js:20:15)
    at dispatch (E:\workspace\node\koaDemo\node_modules\koa-router\node_modules\koa-compose\index.js:44:32)
    at next (E:\workspace\node\koaDemo\node_modules\koa-router\node_modules\koa-compose\index.js:45:18)
    at E:\workspace\node\koaDemo\node_modules\koa-router\lib\router.js:345:16
    at dispatch (E:\workspace\node\koaDemo\node_modules\koa-router\node_modules\koa-compose\index.js:44:32)
    at E:\workspace\node\koaDemo\node_modules\koa-router\node_modules\koa-compose\index.js:36:12
    at dispatch (E:\workspace\node\koaDemo\node_modules\koa-router\lib\router.js:350:31)
    at dispatch (E:\workspace\node\koaDemo\node_modules\koa-compose\index.js:42:32)
    at next (E:\workspace\node\koaDemo\node_modules\koa-compose\index.js:43:18)
    at E:\workspace\node\koaDemo\middlewares\response_formatter.js:27:19
    at dispatch (E:\workspace\node\koaDemo\node_modules\koa-compose\index.js:42:32)
    at next (E:\workspace\node\koaDemo\node_modules\koa-compose\index.js:43:18)
    at app.use (E:\workspace\node\koaDemo\app.js:41:15)
    at dispatch (E:\workspace\node\koaDemo\node_modules\koa-compose\index.js:42:32)
    at next (E:\workspace\node\koaDemo\node_modules\koa-compose\index.js:43:18)
    at views (E:\workspace\node\koaDemo\node_modules\koa-views\lib\index.js:61:12)
    at dispatch (E:\workspace\node\koaDemo\node_modules\koa-compose\index.js:42:32)
    at next (E:\workspace\node\koaDemo\node_modules\koa-compose\index.js:43:18)
    at send.then.done (E:\workspace\node\koaDemo\node_modules\koa-static\index.js:43:20)
    at <anonymous>
*************** error log end ***************

[2017-11-15 09:48:33.415] [ERROR] errorLogger - 
*************** error log start ***************
request method: GET
request originalUrl:  /users/getUser
request client ip:  ::1
request query:  {}
response time: 4
error name: paramsError
error message: 参数缺失
error stack: paramsError: 参数缺失
    at exports.getUser (E:\workspace\node\koaDemo\app\controllers\user_controller.js:12:19)
    at dispatch (E:\workspace\node\koaDemo\node_modules\koa-router\node_modules\koa-compose\index.js:44:32)
    at next (E:\workspace\node\koaDemo\node_modules\koa-router\node_modules\koa-compose\index.js:45:18)
    at E:\workspace\node\koaDemo\node_modules\koa-router\lib\router.js:345:16
    at dispatch (E:\workspace\node\koaDemo\node_modules\koa-router\node_modules\koa-compose\index.js:44:32)
    at E:\workspace\node\koaDemo\node_modules\koa-router\node_modules\koa-compose\index.js:36:12
    at dispatch (E:\workspace\node\koaDemo\node_modules\koa-router\lib\router.js:350:31)
    at dispatch (E:\workspace\node\koaDemo\node_modules\koa-compose\index.js:42:32)
    at next (E:\workspace\node\koaDemo\node_modules\koa-compose\index.js:43:18)
    at E:\workspace\node\koaDemo\middlewares\response_formatter.js:27:19
    at dispatch (E:\workspace\node\koaDemo\node_modules\koa-compose\index.js:42:32)
    at next (E:\workspace\node\koaDemo\node_modules\koa-compose\index.js:43:18)
    at app.use (E:\workspace\node\koaDemo\app.js:41:15)
    at dispatch (E:\workspace\node\koaDemo\node_modules\koa-compose\index.js:42:32)
    at next (E:\workspace\node\koaDemo\node_modules\koa-compose\index.js:43:18)
    at views (E:\workspace\node\koaDemo\node_modules\koa-views\lib\index.js:61:12)
    at dispatch (E:\workspace\node\koaDemo\node_modules\koa-compose\index.js:42:32)
    at next (E:\workspace\node\koaDemo\node_modules\koa-compose\index.js:43:18)
    at send.then.done (E:\workspace\node\koaDemo\node_modules\koa-static\index.js:43:20)
    at <anonymous>
*************** error log end ***************

[2017-11-15 09:48:51.854] [ERROR] errorLogger - 
*************** error log start ***************
request method: GET
request originalUrl:  /users/getUser
request client ip:  ::1
request query:  {}
response time: 3
error name: paramsError
error message: 参数缺失
error stack: paramsError: 参数缺失
    at exports.getUser (E:\workspace\node\koaDemo\app\controllers\user_controller.js:12:19)
    at dispatch (E:\workspace\node\koaDemo\node_modules\koa-router\node_modules\koa-compose\index.js:44:32)
    at next (E:\workspace\node\koaDemo\node_modules\koa-router\node_modules\koa-compose\index.js:45:18)
    at E:\workspace\node\koaDemo\node_modules\koa-router\lib\router.js:345:16
    at dispatch (E:\workspace\node\koaDemo\node_modules\koa-router\node_modules\koa-compose\index.js:44:32)
    at E:\workspace\node\koaDemo\node_modules\koa-router\node_modules\koa-compose\index.js:36:12
    at dispatch (E:\workspace\node\koaDemo\node_modules\koa-router\lib\router.js:350:31)
    at dispatch (E:\workspace\node\koaDemo\node_modules\koa-compose\index.js:42:32)
    at next (E:\workspace\node\koaDemo\node_modules\koa-compose\index.js:43:18)
    at E:\workspace\node\koaDemo\middlewares\response_formatter.js:27:19
    at dispatch (E:\workspace\node\koaDemo\node_modules\koa-compose\index.js:42:32)
    at next (E:\workspace\node\koaDemo\node_modules\koa-compose\index.js:43:18)
    at app.use (E:\workspace\node\koaDemo\app.js:41:15)
    at dispatch (E:\workspace\node\koaDemo\node_modules\koa-compose\index.js:42:32)
    at next (E:\workspace\node\koaDemo\node_modules\koa-compose\index.js:43:18)
    at views (E:\workspace\node\koaDemo\node_modules\koa-views\lib\index.js:61:12)
    at dispatch (E:\workspace\node\koaDemo\node_modules\koa-compose\index.js:42:32)
    at next (E:\workspace\node\koaDemo\node_modules\koa-compose\index.js:43:18)
    at send.then.done (E:\workspace\node\koaDemo\node_modules\koa-static\index.js:43:20)
    at <anonymous>
*************** error log end ***************

[2017-11-15 09:49:03.043] [ERROR] errorLogger - 
*************** error log start ***************
request method: GET
request originalUrl:  /users/getUser?id=5a0a49fcdf7a2e1f202e5053
request client ip:  ::1
request query:  {"id":"5a0a49fcdf7a2e1f202e5053"}
response time: 2
error name: unknowError: 未知错误
error message: 未知错误
error stack: unknowError: 未知错误: 未知错误
    at exports.getUser (E:\workspace\node\koaDemo\app\controllers\user_controller.js:20:15)
    at <anonymous>
*************** error log end ***************

[2017-11-15 09:51:45.548] [INFO] resLogger - 
*************** response log start ***************
request method: GET
request originalUrl:  /users/getUser?id=5a0a49fcdf7a2e1f202e5053
request client ip:  ::1
request query:  {"id":"5a0a49fcdf7a2e1f202e5053"}
response time: 31
response status: 204
response body: 
{"code":500,"message":"error"}
*************** response log end ***************

[2017-11-15 09:52:10.734] [INFO] resLogger - 
*************** response log start ***************
request method: GET
request originalUrl:  /users/getUser?id=5a0a49fcdf7a2e1f202e5053
request client ip:  ::1
request query:  {"id":"5a0a49fcdf7a2e1f202e5053"}
response time: 28
response status: 204
response body: 
{"code":500,"message":"error"}
*************** response log end ***************

[2017-11-15 09:55:19.449] [INFO] resLogger - 
*************** response log start ***************
request method: GET
request originalUrl:  /users/getUser?id=5a0a49fcdf7a2e1f202e5053
request client ip:  ::1
request query:  {"id":"5a0a49fcdf7a2e1f202e5053"}
response time: 19
response status: 200
response body: 
{"code":200,"message":"success","data":{"_id":"5a0a49fcdf7a2e1f202e5053","name":"tom","age":22}}
*************** response log end ***************

[2017-11-15 09:55:54.878] [ERROR] errorLogger - 
*************** error log start ***************
request method: GET
request originalUrl:  /users/getUser
request client ip:  ::1
request query:  {}
response time: 5
error name: paramsError: 参数缺失
error message: 未知错误
error stack: paramsError: 参数缺失: 未知错误
    at exports.getUser (E:\workspace\node\koaDemo\app\controllers\user_controller.js:20:15)
    at dispatch (E:\workspace\node\koaDemo\node_modules\koa-router\node_modules\koa-compose\index.js:44:32)
    at next (E:\workspace\node\koaDemo\node_modules\koa-router\node_modules\koa-compose\index.js:45:18)
    at E:\workspace\node\koaDemo\node_modules\koa-router\lib\router.js:345:16
    at dispatch (E:\workspace\node\koaDemo\node_modules\koa-router\node_modules\koa-compose\index.js:44:32)
    at E:\workspace\node\koaDemo\node_modules\koa-router\node_modules\koa-compose\index.js:36:12
    at dispatch (E:\workspace\node\koaDemo\node_modules\koa-router\lib\router.js:350:31)
    at dispatch (E:\workspace\node\koaDemo\node_modules\koa-compose\index.js:42:32)
    at next (E:\workspace\node\koaDemo\node_modules\koa-compose\index.js:43:18)
    at E:\workspace\node\koaDemo\middlewares\response_formatter.js:27:19
    at dispatch (E:\workspace\node\koaDemo\node_modules\koa-compose\index.js:42:32)
    at next (E:\workspace\node\koaDemo\node_modules\koa-compose\index.js:43:18)
    at app.use (E:\workspace\node\koaDemo\app.js:41:15)
    at dispatch (E:\workspace\node\koaDemo\node_modules\koa-compose\index.js:42:32)
    at next (E:\workspace\node\koaDemo\node_modules\koa-compose\index.js:43:18)
    at views (E:\workspace\node\koaDemo\node_modules\koa-views\lib\index.js:61:12)
    at dispatch (E:\workspace\node\koaDemo\node_modules\koa-compose\index.js:42:32)
    at next (E:\workspace\node\koaDemo\node_modules\koa-compose\index.js:43:18)
    at send.then.done (E:\workspace\node\koaDemo\node_modules\koa-static\index.js:43:20)
    at <anonymous>
*************** error log end ***************

[2017-11-15 09:59:13.305] [INFO] resLogger - 
*************** response log start ***************
request method: GET
request originalUrl:  /users/getUser
request client ip:  ::1
request query:  {}
response time: 7
response status: 200
response body: 
{"code":500,"message":"error"}
*************** response log end ***************

