[2017-11-14 09:26:17.903] [INFO] resLogger - 
*************** response log start ***************
request method: GET
request originalUrl:  /getUser
request client ip:  ::1
request query:  {}
response time: 1
response status: 404
response body: 
undefined
*************** response log end ***************

[2017-11-14 09:26:18.269] [INFO] resLogger - 
*************** response log start ***************
request method: GET
request originalUrl:  /favicon.ico
request client ip:  ::1
request query:  {}
response time: 0
response status: 404
response body: 
undefined
*************** response log end ***************

[2017-11-14 09:28:24.230] [INFO] resLogger - 
*************** response log start ***************
request method: GET
request originalUrl:  /string
request client ip:  ::1
request query:  {}
response time: 1
response status: 404
response body: 
undefined
*************** response log end ***************

[2017-11-14 09:28:45.340] [INFO] resLogger - 
*************** response log start ***************
request method: GET
request originalUrl:  /
request client ip:  ::1
request query:  {}
response time: 17
response status: 200
response body: 
"<!DOCTYPE html>\n<html>\n  <head>\n    <title>Hello Koa 2!hahhahahahha</title>\n    <link rel='stylesheet' href='/stylesheets/style.css' />\n  </head>\n  <body>\n    <h1>Hello Koa 2!hahhahahahha</h1>\n    <p>EJS Welcome to Hello Koa 2!hahhahahahha</p>\n  </body>\n</html>\n"
*************** response log end ***************

[2017-11-14 09:29:00.842] [INFO] resLogger - 
*************** response log start ***************
request method: GET
request originalUrl:  /string
request client ip:  ::1
request query:  {}
response time: 0
response status: 404
response body: 
undefined
*************** response log end ***************

[2017-11-14 09:29:17.505] [INFO] resLogger - 
*************** response log start ***************
request method: GET
request originalUrl:  /json
request client ip:  ::1
request query:  {}
response time: 0
response status: 404
response body: 
undefined
*************** response log end ***************

[2017-11-14 09:29:51.821] [INFO] resLogger - 
*************** response log start ***************
request method: GET
request originalUrl:  /getUser
request client ip:  ::1
request query:  {}
response time: 1
response status: 404
response body: 
undefined
*************** response log end ***************

[2017-11-14 09:31:50.868] [INFO] resLogger - 
*************** response log start ***************
request method: GET
request originalUrl:  /getUser
request client ip:  ::1
request query:  {}
response time: 1
response status: 404
response body: 
undefined
*************** response log end ***************

[2017-11-14 09:34:53.258] [INFO] resLogger - 
*************** response log start ***************
request method: GET
request originalUrl:  /getUser
request client ip:  ::1
request query:  {}
response time: 1
response status: 404
response body: 
undefined
*************** response log end ***************

[2017-11-14 09:36:10.866] [INFO] resLogger - 
*************** response log start ***************
request method: GET
request originalUrl:  /getUser
request client ip:  ::1
request query:  {}
response time: 1
response status: 404
response body: 
undefined
*************** response log end ***************

[2017-11-14 09:38:28.858] [ERROR] errorLogger - 
*************** error log start ***************
request method: GET
request originalUrl:  /users/getUser
request client ip:  ::1
request query:  {}
response time: 6
error name: userNotExist
error message: 用户不存在
error stack: userNotExist: 用户不存在
    at exports.getUser (E:\workspace\node\koaDemo\app\controllers\user_controller.js:10:15)
    at dispatch (E:\workspace\node\koaDemo\node_modules\koa-router\node_modules\koa-compose\index.js:44:32)
    at next (E:\workspace\node\koaDemo\node_modules\koa-router\node_modules\koa-compose\index.js:45:18)
    at E:\workspace\node\koaDemo\node_modules\koa-router\lib\router.js:345:16
    at dispatch (E:\workspace\node\koaDemo\node_modules\koa-router\node_modules\koa-compose\index.js:44:32)
    at E:\workspace\node\koaDemo\node_modules\koa-router\node_modules\koa-compose\index.js:36:12
    at dispatch (E:\workspace\node\koaDemo\node_modules\koa-router\lib\router.js:350:31)
    at dispatch (E:\workspace\node\koaDemo\node_modules\koa-compose\index.js:42:32)
    at next (E:\workspace\node\koaDemo\node_modules\koa-compose\index.js:43:18)
    at E:\workspace\node\koaDemo\middlewares\response_formatter.js:27:19
    at dispatch (E:\workspace\node\koaDemo\node_modules\koa-compose\index.js:42:32)
    at next (E:\workspace\node\koaDemo\node_modules\koa-compose\index.js:43:18)
    at app.use (E:\workspace\node\koaDemo\app.js:41:15)
    at dispatch (E:\workspace\node\koaDemo\node_modules\koa-compose\index.js:42:32)
    at next (E:\workspace\node\koaDemo\node_modules\koa-compose\index.js:43:18)
    at views (E:\workspace\node\koaDemo\node_modules\koa-views\lib\index.js:61:12)
*************** error log end ***************

[2017-11-14 09:39:39.049] [INFO] resLogger - 
*************** response log start ***************
request method: GET
request originalUrl:  /users/getUser
request client ip:  ::1
request query:  {}
response time: 4
response status: 200
response body: 
{"username":"阿，希爸","age":30}
*************** response log end ***************

[2017-11-14 09:47:17.603] [ERROR] errorLogger - 
*************** error log start ***************
request method: GET
request originalUrl:  /users/getUser
request client ip:  ::1
request query:  {}
response time: 3
error name: userNotExist
error message: 用户不存在
error stack: userNotExist: 用户不存在
    at exports.getUser (E:\workspace\node\koaDemo\app\controllers\user_controller.js:10:15)
    at dispatch (E:\workspace\node\koaDemo\node_modules\koa-router\node_modules\koa-compose\index.js:44:32)
    at next (E:\workspace\node\koaDemo\node_modules\koa-router\node_modules\koa-compose\index.js:45:18)
    at E:\workspace\node\koaDemo\node_modules\koa-router\lib\router.js:345:16
    at dispatch (E:\workspace\node\koaDemo\node_modules\koa-router\node_modules\koa-compose\index.js:44:32)
    at E:\workspace\node\koaDemo\node_modules\koa-router\node_modules\koa-compose\index.js:36:12
    at dispatch (E:\workspace\node\koaDemo\node_modules\koa-router\lib\router.js:350:31)
    at dispatch (E:\workspace\node\koaDemo\node_modules\koa-compose\index.js:42:32)
    at next (E:\workspace\node\koaDemo\node_modules\koa-compose\index.js:43:18)
    at E:\workspace\node\koaDemo\middlewares\response_formatter.js:27:19
    at dispatch (E:\workspace\node\koaDemo\node_modules\koa-compose\index.js:42:32)
    at next (E:\workspace\node\koaDemo\node_modules\koa-compose\index.js:43:18)
    at app.use (E:\workspace\node\koaDemo\app.js:41:15)
    at dispatch (E:\workspace\node\koaDemo\node_modules\koa-compose\index.js:42:32)
    at next (E:\workspace\node\koaDemo\node_modules\koa-compose\index.js:43:18)
    at views (E:\workspace\node\koaDemo\node_modules\koa-views\lib\index.js:61:12)
    at dispatch (E:\workspace\node\koaDemo\node_modules\koa-compose\index.js:42:32)
    at next (E:\workspace\node\koaDemo\node_modules\koa-compose\index.js:43:18)
    at send.then.done (E:\workspace\node\koaDemo\node_modules\koa-static\index.js:43:20)
    at <anonymous>
*************** error log end ***************

[2017-11-14 09:47:42.245] [ERROR] errorLogger - 
*************** error log start ***************
request method: GET
request originalUrl:  /users/getUser?id=1
request client ip:  ::1
request query:  {"id":"1"}
response time: 6
error name: TypeError
error message: Converting circular structure to JSON
error stack: TypeError: Converting circular structure to JSON
    at JSON.stringify (<anonymous>)
    at formatRes (E:\workspace\node\koaDemo\utils\log_util.js:41:48)
    at Object.logUtil.logResponse (E:\workspace\node\koaDemo\utils\log_util.js:23:24)
    at app.use (E:\workspace\node\koaDemo\app.js:44:17)
    at <anonymous>
*************** error log end ***************

[2017-11-14 09:48:36.818] [ERROR] errorLogger - 
*************** error log start ***************
request method: GET
request originalUrl:  /users/getUser?id=1
request client ip:  ::1
request query:  {"id":"1"}
response time: 7
error name: TypeError
error message: Converting circular structure to JSON
error stack: TypeError: Converting circular structure to JSON
    at JSON.stringify (<anonymous>)
    at formatRes (E:\workspace\node\koaDemo\utils\log_util.js:41:48)
    at Object.logUtil.logResponse (E:\workspace\node\koaDemo\utils\log_util.js:23:24)
    at app.use (E:\workspace\node\koaDemo\app.js:44:17)
    at <anonymous>
*************** error log end ***************

[2017-11-14 09:49:28.941] [ERROR] errorLogger - 
*************** error log start ***************
request method: GET
request originalUrl:  /users/getUser
request client ip:  ::1
request query:  {}
response time: 3
error name: userNotExist
error message: 用户不存在
error stack: userNotExist: 用户不存在
    at exports.getUser (E:\workspace\node\koaDemo\app\controllers\user_controller.js:11:15)
    at dispatch (E:\workspace\node\koaDemo\node_modules\koa-router\node_modules\koa-compose\index.js:44:32)
    at next (E:\workspace\node\koaDemo\node_modules\koa-router\node_modules\koa-compose\index.js:45:18)
    at E:\workspace\node\koaDemo\node_modules\koa-router\lib\router.js:345:16
    at dispatch (E:\workspace\node\koaDemo\node_modules\koa-router\node_modules\koa-compose\index.js:44:32)
    at E:\workspace\node\koaDemo\node_modules\koa-router\node_modules\koa-compose\index.js:36:12
    at dispatch (E:\workspace\node\koaDemo\node_modules\koa-router\lib\router.js:350:31)
    at dispatch (E:\workspace\node\koaDemo\node_modules\koa-compose\index.js:42:32)
    at next (E:\workspace\node\koaDemo\node_modules\koa-compose\index.js:43:18)
    at E:\workspace\node\koaDemo\middlewares\response_formatter.js:27:19
    at dispatch (E:\workspace\node\koaDemo\node_modules\koa-compose\index.js:42:32)
    at next (E:\workspace\node\koaDemo\node_modules\koa-compose\index.js:43:18)
    at app.use (E:\workspace\node\koaDemo\app.js:41:15)
    at dispatch (E:\workspace\node\koaDemo\node_modules\koa-compose\index.js:42:32)
    at next (E:\workspace\node\koaDemo\node_modules\koa-compose\index.js:43:18)
    at views (E:\workspace\node\koaDemo\node_modules\koa-views\lib\index.js:61:12)
    at dispatch (E:\workspace\node\koaDemo\node_modules\koa-compose\index.js:42:32)
    at next (E:\workspace\node\koaDemo\node_modules\koa-compose\index.js:43:18)
    at send.then.done (E:\workspace\node\koaDemo\node_modules\koa-static\index.js:43:20)
    at <anonymous>
*************** error log end ***************

[2017-11-14 09:50:35.884] [INFO] resLogger - 
*************** response log start ***************
request method: GET
request originalUrl:  /users/getUser
request client ip:  ::1
request query:  {}
response time: 5
response status: 200
response body: 
{"data":"success"}
*************** response log end ***************

[2017-11-14 09:51:08.158] [INFO] resLogger - 
*************** response log start ***************
request method: GET
request originalUrl:  /users/getUser
request client ip:  ::1
request query:  {}
response time: 16
response status: 200
response body: 
{"data":"success"}
*************** response log end ***************

[2017-11-14 09:52:52.365] [INFO] resLogger - 
*************** response log start ***************
request method: GET
request originalUrl:  /users/getUser
request client ip:  ::1
request query:  {}
response time: 7
response status: 200
response body: 
{"data":"success"}
*************** response log end ***************

[2017-11-14 09:53:43.951] [INFO] resLogger - 
*************** response log start ***************
request method: GET
request originalUrl:  /users/getUser
request client ip:  ::1
request query:  {}
response time: 9
response status: 200
response body: 
{"data":"success"}
*************** response log end ***************

[2017-11-14 09:54:22.482] [INFO] resLogger - 
*************** response log start ***************
request method: GET
request originalUrl:  /users/getUser
request client ip:  ::1
request query:  {}
response time: 6
response status: 200
response body: 
{"data":"success"}
*************** response log end ***************

